<?xml version="1.0" encoding="UTF-8"?>
<!-- Generated by org.testng.reporters.JUnitReportReporter -->
<testsuite hostname="Dattatray369-PC" name="skyscape.Login_data" tests="1" failures="0" timestamp="14 Sep 2014 19:11:17 GMT" time="129.955" errors="0">
  <testcase name="Login_All_scenarios" time="129.955" classname="skyscape.Login_data"/>
</testsuite> <!-- skyscape.Login_data -->
