<?xml version="1.0" encoding="UTF-8"?>
<!-- Generated by org.testng.reporters.JUnitReportReporter -->
<testsuite hostname="Dattatray-PC" name="skyscape.Login_data" tests="1" failures="0" timestamp="15 Sep 2014 06:44:30 GMT" time="57.197" errors="0">
  <testcase name="Login_All_scenarios" time="57.197" classname="skyscape.Login_data"/>
</testsuite> <!-- skyscape.Login_data -->
