<?xml version="1.0" encoding="UTF-8"?>
<!-- Generated by org.testng.reporters.JUnitReportReporter -->
<testsuite hostname="Dattatray369-PC" name="skyscape.Shopping1" tests="2" failures="0" timestamp="8 Oct 2014 19:38:58 GMT" time="116.865" errors="0">
  <testcase name="Shopping_with_CreditCard" time="38.948" classname="skyscape.Shopping1"/>
  <testcase name="Shopping_without_login" time="77.917" classname="skyscape.Shopping1"/>
</testsuite> <!-- skyscape.Shopping1 -->
