<?xml version="1.0" encoding="UTF-8"?>
<!-- Generated by org.testng.reporters.JUnitReportReporter -->
<testsuite hostname="Dattatray-PC" name="skyscape.Registration_Invalid" tests="1" failures="0" timestamp="15 Sep 2014 06:58:38 GMT" time="524.549" errors="0">
  <testcase name="Registration_All_scenarios" time="524.549" classname="skyscape.Registration_Invalid"/>
</testsuite> <!-- skyscape.Registration_Invalid -->
