<?xml version="1.0" encoding="UTF-8"?>
<!-- Generated by org.testng.reporters.JUnitReportReporter -->
<testsuite hostname="Dattatray-PC" name="skyscape.Login_data" tests="1" failures="0" timestamp="12 Sep 2014 14:11:50 GMT" time="71.125" errors="0">
  <testcase name="Login_All_scenarios" time="71.125" classname="skyscape.Login_data"/>
</testsuite> <!-- skyscape.Login_data -->
