<?xml version="1.0" encoding="UTF-8"?>
<!-- Generated by org.testng.reporters.JUnitReportReporter -->
<testsuite hostname="Dattatray-PC" name="skyscape.Search" tests="4" failures="0" timestamp="15 Sep 2014 09:13:29 GMT" time="53.258" errors="0">
  <testcase name="Search2_labs360" time="12.406" classname="skyscape.Search"/>
  <testcase name="Search1_davis" time="17.638" classname="skyscape.Search"/>
  <testcase name="search_without_login" time="18.346" classname="skyscape.Search"/>
  <testcase name="Search_no_results" time="4.868" classname="skyscape.Search"/>
</testsuite> <!-- skyscape.Search -->
