<?xml version="1.0" encoding="UTF-8"?>
<!-- Generated by org.testng.reporters.JUnitReportReporter -->
<testsuite hostname="Dattatray369-PC" name="skyscape.Launch" tests="2" failures="0" timestamp="14 Sep 2014 18:18:28 GMT" time="31.365" errors="0">
  <testcase name="Skyscape_website_launch" time="30.331" classname="skyscape.Launch"/>
  <testcase name="Scroll_down" time="1.034" classname="skyscape.Launch"/>
</testsuite> <!-- skyscape.Launch -->
