<?xml version="1.0" encoding="UTF-8"?>
<!-- Generated by org.testng.reporters.JUnitReportReporter -->
<testsuite hostname="Dattatray369-PC" name="skyscape.Shopping_cart" tests="4" failures="0" timestamp="15 Sep 2014 19:48:00 GMT" time="627.977" errors="0">
  <testcase name="Update_Cart" time="213.347" classname="skyscape.Shopping_cart"/>
  <testcase name="Remove_resource_from_cart" time="111.329" classname="skyscape.Shopping_cart"/>
  <testcase name="Change_Platform" time="150.005" classname="skyscape.Shopping_cart"/>
  <testcase name="Checkout" time="153.296" classname="skyscape.Shopping_cart"/>
</testsuite> <!-- skyscape.Shopping_cart -->
