<?xml version="1.0" encoding="UTF-8"?>
<!-- Generated by org.testng.reporters.JUnitReportReporter -->
<testsuite hostname="Dattatray-PC" name="skyscape.Registration_Valid" tests="1" failures="0" timestamp="15 Sep 2014 08:57:05 GMT" time="41.303" errors="0">
  <testcase name="main" time="41.303" classname="skyscape.Registration_Valid"/>
</testsuite> <!-- skyscape.Registration_Valid -->
