<?xml version="1.0" encoding="UTF-8"?>
<!-- Generated by org.testng.reporters.JUnitReportReporter -->
<testsuite hostname="Dattatray369-PC" name="skyscape.ProductDetail" tests="3" failures="0" timestamp="14 Sep 2014 19:46:08 GMT" time="257.710" errors="0">
  <testcase name="Launch_Product_Detail" time="34.153" classname="skyscape.ProductDetail"/>
  <testcase name="Selecting_Platform" time="44.863" classname="skyscape.ProductDetail"/>
  <testcase name="Add_Product_In_The_Cart" time="178.694" classname="skyscape.ProductDetail"/>
</testsuite> <!-- skyscape.ProductDetail -->
