<?xml version="1.0" encoding="UTF-8"?>
<!-- Generated by org.testng.reporters.JUnitReportReporter -->
<testsuite hostname="Dattatray-PC" name="skyscape.ProductDetail" tests="3" failures="0" timestamp="15 Sep 2014 09:29:59 GMT" time="197.930" errors="0">
  <testcase name="Selecting_Platform" time="98.740" classname="skyscape.ProductDetail"/>
  <testcase name="Launch_Product_Detail" time="40.077" classname="skyscape.ProductDetail"/>
  <testcase name="Add_Product_In_The_Cart" time="59.113" classname="skyscape.ProductDetail"/>
</testsuite> <!-- skyscape.ProductDetail -->
